#
# A fatal error has been detected by the Java Runtime Environment:
#
#  SIGSEGV (0xb) at pc=0x00007efee2652762, pid=12657, tid=0x00007efec2470700
#
# JRE version: OpenJDK Runtime Environment (8.0_112-b06) (build 1.8.0_112-release-b06)
# Java VM: OpenJDK 64-Bit Server VM (25.112-b06 mixed mode linux-amd64 compressed oops)
# Problematic frame:
# V  [libjvm.so+0x821762]  Node::hash() const+0x22
#
# Failed to write core dump. Core dumps have been disabled. To enable core dumping, try "ulimit -c unlimited" before starting Java again
#
# If you would like to submit a bug report, please visit:
#   http://bugreport.java.com/bugreport/crash.jsp
#

---------------  T H R E A D  ---------------

Current thread (0x00007efedc0b4000):  JavaThread "C2 CompilerThread0" daemon [_thread_in_native, id=12670, stack(0x00007efec2370000,0x00007efec2471000)]

siginfo: si_signo: 11 (SIGSEGV), si_code: 128 (SI_KERNEL), si_addr: 0x0000000000000000

Registers:
RAX=0x0000000000000000, RBX=0x0000000000000003, RCX=0x40007efe9c5860a0, RDX=0x0000000000000000
RSP=0x00007efec246be80, RBP=0x00007efec246be90, RSI=0x0000000000003fff, RDI=0x00007efe9c586070
R8 =0x00007efea8770110, R9 =0x0000000000001739, R10=0x00007efec246f670, R11=0x0000000000000d39
R12=0x00007efec246d808, R13=0x00007efe9c586070, R14=0x00007efea80c83f8, R15=0x0000000000020000
RIP=0x00007efee2652762, EFLAGS=0x0000000000010246, CSGSFS=0x0000000000000033, ERR=0x0000000000000000
  TRAPNO=0x000000000000000d

Top of Stack: (sp=0x00007efec246be80)
0x00007efec246be80:   00007efea80cca00 00007efec246d808
0x00007efec246be90:   00007efec246bee0 00007efee26c9759
0x00007efec246bea0:   00007efe90032780 00007efe90032780
0x00007efec246beb0:   0000000028c7df37 00007efec246d808
0x00007efec246bec0:   00007efea81b61f0 00007efe9c09c060
0x00007efec246bed0:   0000000000000003 00007efe9c177750
0x00007efec246bee0:   00007efec246bf10 00007efee26c9a33
0x00007efec246bef0:   00007efea81b61f0 a8c8509f9c09c060
0x00007efec246bf00:   0000000000000012 00007efea81b61f0
0x00007efec246bf10:   00007efec246c030 00007efee2360b07
0x00007efec246bf20:   00007efe9c1777e8 00007efe000000d9
0x00007efec246bf30:   00007efec246d808 00007efe000000d9
0x00007efec246bf40:   00007efec246bfc0 00000043a8009e40
0x00007efec246bf50:   00007efe00000043 00007efec246ce80
0x00007efec246bf60:   00007efe00000053 00007efe9c1777e8
0x00007efec246bf70:   00007efec246d808 00007efe0000001c
0x00007efec246bf80:   00007efea81ea0c8 00007efec246cec0
0x00007efec246bf90:   00007efe9c321c28 00007efee235a243
0x00007efec246bfa0:   0000004000000000 0000000000000000
0x00007efec246bfb0:   00007efe0000000f 00007efe9c294a60
0x00007efec246bfc0:   0000010000000081 0000000000000000
0x00007efec246bfd0:   00007efe0000000f 00007efea806c0b0
0x00007efec246bfe0:   00007efee2cbef70 00007efedc0b4480
0x00007efec246bff0:   00007efe00000100 00007efe9c294e80
0x00007efec246c000:   00007efec246c030 0000000000000000
0x00007efec246c010:   00007efe9c3d37e0 0000000000000001
0x00007efec246c020:   0000000000000000 00007efe9c177750
0x00007efec246c030:   00007efec246c290 00007efee236215f
0x00007efec246c040:   00007efec246c0b0 0000000000000002
0x00007efec246c050:   00007efec246c0d0 00007efe9c177838
0x00007efec246c060:   00007efec246c180 00007efec246c120
0x00007efec246c070:   00007efec246c0e0 00007efec246c1a0 

Instructions: (pc=0x00007efee2652762)
0x00007efee2652742:   89 e5 41 54 53 8b 5f 18 85 db 74 34 48 8b 4f 08
0x00007efee2652752:   31 c0 31 d2 66 2e 0f 1f 84 00 00 00 00 00 01 d2
0x00007efee2652762:   2b 14 c1 48 83 c0 01 39 c3 77 f3 c1 ea 02 41 89
0x00007efee2652772:   d4 48 8b 07 44 01 e3 ff 10 01 d8 5b 41 5c 5d c3 

Register to memory mapping:

RAX=0x0000000000000000 is an unknown value
RBX=0x0000000000000003 is an unknown value
RCX=0x40007efe9c5860a0 is an unknown value
RDX=0x0000000000000000 is an unknown value
RSP=0x00007efec246be80 is pointing into the stack for thread: 0x00007efedc0b4000
RBP=0x00007efec246be90 is pointing into the stack for thread: 0x00007efedc0b4000
RSI=0x0000000000003fff is an unknown value
RDI=0x00007efe9c586070 is an unknown value
R8 =0x00007efea8770110 is an unknown value
R9 =0x0000000000001739 is an unknown value
R10=0x00007efec246f670 is pointing into the stack for thread: 0x00007efedc0b4000
R11=0x0000000000000d39 is an unknown value
R12=0x00007efec246d808 is pointing into the stack for thread: 0x00007efedc0b4000
R13=0x00007efe9c586070 is an unknown value
R14=0x00007efea80c83f8 is an unknown value
R15=0x0000000000020000 is an unknown value


Stack: [0x00007efec2370000,0x00007efec2471000],  sp=0x00007efec246be80,  free space=1007k
Native frames: (J=compiled Java code, j=interpreted, Vv=VM code, C=native code)
V  [libjvm.so+0x821762]  Node::hash() const+0x22
V  [libjvm.so+0x898759]  NodeHash::grow()+0xd9
V  [libjvm.so+0x898a33]  NodeHash::hash_insert(Node*)+0x93
V  [libjvm.so+0x52fb07]  ConnectionGraph::split_unique_types(GrowableArray<Node*>&)+0x1597
V  [libjvm.so+0x53115f]  ConnectionGraph::compute_escape()+0x152f
V  [libjvm.so+0x531591]  ConnectionGraph::do_analysis(Compile*, PhaseIterGVN*)+0x111
V  [libjvm.so+0x465117]  Compile::Optimize()+0xdc7
V  [libjvm.so+0x46708d]  Compile::Compile(ciEnv*, C2Compiler*, ciMethod*, int, bool, bool, bool)+0x109d
V  [libjvm.so+0x3c4aa8]  C2Compiler::compile_method(ciEnv*, ciMethod*, int)+0x1c8
V  [libjvm.so+0x46f7c2]  CompileBroker::invoke_compiler_on_method(CompileTask*)+0x8b2
V  [libjvm.so+0x470678]  CompileBroker::compiler_thread_loop()+0x4e8
V  [libjvm.so+0x990df8]  JavaThread::thread_main_inner()+0xd8
V  [libjvm.so+0x849c82]  java_start(Thread*)+0xf2
C  [libpthread.so.0+0x76ba]  start_thread+0xca


Current CompileTask:
C2:   2240 1672       4       com.android.dx.ssa.SCCP::simulateBranch (666 bytes)


---------------  P R O C E S S  ---------------

Java Threads: ( => current thread )
  0x00007efedc122000 JavaThread "pool-2-thread-4" [_thread_in_Java, id=12678, stack(0x00007efec1b68000,0x00007efec1c69000)]
  0x00007efedc120800 JavaThread "pool-2-thread-3" [_thread_in_Java, id=12677, stack(0x00007efec1c69000,0x00007efec1d6a000)]
  0x00007efedc11d000 JavaThread "pool-2-thread-2" [_thread_in_Java, id=12676, stack(0x00007efec1d6a000,0x00007efec1e6b000)]
  0x00007efedc11b000 JavaThread "pool-3-thread-1" [_thread_blocked, id=12675, stack(0x00007efec1e6b000,0x00007efec1f6c000)]
  0x00007efedc119800 JavaThread "pool-2-thread-1" [_thread_in_Java, id=12674, stack(0x00007efec1f6c000,0x00007efec206d000)]
  0x00007efedc0b9800 JavaThread "Service Thread" daemon [_thread_blocked, id=12672, stack(0x00007efec216e000,0x00007efec226f000)]
  0x00007efedc0b6800 JavaThread "C1 CompilerThread1" daemon [_thread_blocked, id=12671, stack(0x00007efec226f000,0x00007efec2370000)]
=>0x00007efedc0b4000 JavaThread "C2 CompilerThread0" daemon [_thread_in_native, id=12670, stack(0x00007efec2370000,0x00007efec2471000)]
  0x00007efedc0b2800 JavaThread "Signal Dispatcher" daemon [_thread_blocked, id=12669, stack(0x00007efec2471000,0x00007efec2572000)]
  0x00007efedc07f800 JavaThread "Finalizer" daemon [_thread_blocked, id=12668, stack(0x00007efec284a000,0x00007efec294b000)]
  0x00007efedc07b000 JavaThread "Reference Handler" daemon [_thread_blocked, id=12667, stack(0x00007efec294b000,0x00007efec2a4c000)]
  0x00007efedc00a800 JavaThread "main" [_thread_in_Java, id=12659, stack(0x00007efee3836000,0x00007efee3937000)]

Other Threads:
  0x00007efedc073800 VMThread [stack: 0x00007efec2a4c000,0x00007efec2b4d000] [id=12666]
  0x00007efedc0bc000 WatcherThread [stack: 0x00007efec206d000,0x00007efec216e000] [id=12673]

VM state:not at safepoint (normal execution)

VM Mutex/Monitor currently owned by a thread: None

Heap:
 PSYoungGen      total 132096K, used 86512K [0x000000076ab00000, 0x0000000773100000, 0x00000007c0000000)
  eden space 126976K, 64% used [0x000000076ab00000,0x000000076fa7d898,0x0000000772700000)
  from space 5120K, 99% used [0x0000000772c00000,0x00000007730fe778,0x0000000773100000)
  to   space 5120K, 0% used [0x0000000772700000,0x0000000772700000,0x0000000772c00000)
 ParOldGen       total 84992K, used 31190K [0x00000006c0000000, 0x00000006c5300000, 0x000000076ab00000)
  object space 84992K, 36% used [0x00000006c0000000,0x00000006c1e75b20,0x00000006c5300000)
 Metaspace       used 5951K, capacity 7088K, committed 7296K, reserved 1056768K
  class space    used 557K, capacity 616K, committed 640K, reserved 1048576K

Card table byte_map: [0x00007efecc7ff000,0x00007efecd000000] byte_map_base: 0x00007efec91ff000

Marking Bits: (ParMarkBitMap*) 0x00007efee2cff340
 Begin Bits: [0x00007efec46fe000, 0x00007efec86fe000)
 End Bits:   [0x00007efec86fe000, 0x00007efecc6fe000)

Polling page: 0x00007efee3952000

CodeCache: size=245760Kb used=6810Kb max_used=6810Kb free=238950Kb
 bounds [0x00007efecd000000, 0x00007efecd6b0000, 0x00007efedc000000]
 total_blobs=1964 nmethods=1705 adapters=175
 compilation: enabled

Compilation events (10 events):
Event: 2.192 Thread 0x00007efedc0b6800 1761       2       java.io.UnixFileSystem::getBooleanAttributes (49 bytes)
Event: 2.192 Thread 0x00007efedc0b6800 nmethod 1761 0x00007efecd68ad10 code [0x00007efecd68aea0, 0x00007efecd68b128]
Event: 2.193 Thread 0x00007efedc0b6800 1763       2       com.android.dx.rop.cst.StdConstantPool::size (6 bytes)
Event: 2.193 Thread 0x00007efedc0b6800 nmethod 1763 0x00007efecd68b6d0 code [0x00007efecd68b820, 0x00007efecd68b970]
Event: 2.193 Thread 0x00007efedc0b6800 1764       2       com.android.dx.command.dexer.Main::access$1802 (6 bytes)
Event: 2.193 Thread 0x00007efedc0b6800 nmethod 1764 0x00007efecd68ba10 code [0x00007efecd68bb60, 0x00007efecd68bc90]
Event: 2.193 Thread 0x00007efedc0b6800 1765       2       com.android.dx.command.dexer.Main::access$2002 (6 bytes)
Event: 2.193 Thread 0x00007efedc0b6800 nmethod 1765 0x00007efecd68bd10 code [0x00007efecd68be60, 0x00007efecd68bf90]
Event: 2.193 Thread 0x00007efedc0b6800 1766       2       java.io.File::exists (43 bytes)
Event: 2.193 Thread 0x00007efedc0b6800 nmethod 1766 0x00007efecd68c010 code [0x00007efecd68c1a0, 0x00007efecd68c3c8]

GC Heap History (8 events):
Event: 0.628 GC heap before
{Heap before GC invocations=1 (full 0):
 PSYoungGen      total 36864K, used 31744K [0x000000076ab00000, 0x000000076d400000, 0x00000007c0000000)
  eden space 31744K, 100% used [0x000000076ab00000,0x000000076ca00000,0x000000076ca00000)
  from space 5120K, 0% used [0x000000076cf00000,0x000000076cf00000,0x000000076d400000)
  to   space 5120K, 0% used [0x000000076ca00000,0x000000076ca00000,0x000000076cf00000)
 ParOldGen       total 84992K, used 0K [0x00000006c0000000, 0x00000006c5300000, 0x000000076ab00000)
  object space 84992K, 0% used [0x00000006c0000000,0x00000006c0000000,0x00000006c5300000)
 Metaspace       used 5504K, capacity 6704K, committed 6784K, reserved 1056768K
  class space    used 553K, capacity 616K, committed 640K, reserved 1048576K
Event: 0.663 GC heap after
Heap after GC invocations=1 (full 0):
 PSYoungGen      total 36864K, used 5097K [0x000000076ab00000, 0x000000076f300000, 0x00000007c0000000)
  eden space 31744K, 0% used [0x000000076ab00000,0x000000076ab00000,0x000000076ca00000)
  from space 5120K, 99% used [0x000000076ca00000,0x000000076cefa5e0,0x000000076cf00000)
  to   space 5120K, 0% used [0x000000076ee00000,0x000000076ee00000,0x000000076f300000)
 ParOldGen       total 84992K, used 3271K [0x00000006c0000000, 0x00000006c5300000, 0x000000076ab00000)
  object space 84992K, 3% used [0x00000006c0000000,0x00000006c0331c40,0x00000006c5300000)
 Metaspace       used 5504K, capacity 6704K, committed 6784K, reserved 1056768K
  class space    used 553K, capacity 616K, committed 640K, reserved 1048576K
}
Event: 1.163 GC heap before
{Heap before GC invocations=2 (full 0):
 PSYoungGen      total 36864K, used 36841K [0x000000076ab00000, 0x000000076f300000, 0x00000007c0000000)
  eden space 31744K, 100% used [0x000000076ab00000,0x000000076ca00000,0x000000076ca00000)
  from space 5120K, 99% used [0x000000076ca00000,0x000000076cefa5e0,0x000000076cf00000)
  to   space 5120K, 0% used [0x000000076ee00000,0x000000076ee00000,0x000000076f300000)
 ParOldGen       total 84992K, used 3271K [0x00000006c0000000, 0x00000006c5300000, 0x000000076ab00000)
  object space 84992K, 3% used [0x00000006c0000000,0x00000006c0331c40,0x00000006c5300000)
 Metaspace       used 5703K, capacity 6896K, committed 7040K, reserved 1056768K
  class space    used 555K, capacity 616K, committed 640K, reserved 1048576K
Event: 1.194 GC heap after
Heap after GC invocations=2 (full 0):
 PSYoungGen      total 68608K, used 5117K [0x000000076ab00000, 0x000000076f300000, 0x00000007c0000000)
  eden space 63488K, 0% used [0x000000076ab00000,0x000000076ab00000,0x000000076e900000)
  from space 5120K, 99% used [0x000000076ee00000,0x000000076f2ff4c0,0x000000076f300000)
  to   space 5120K, 0% used [0x000000076e900000,0x000000076e900000,0x000000076ee00000)
 ParOldGen       total 84992K, used 9958K [0x00000006c0000000, 0x00000006c5300000, 0x000000076ab00000)
  object space 84992K, 11% used [0x00000006c0000000,0x00000006c09b9940,0x00000006c5300000)
 Metaspace       used 5703K, capacity 6896K, committed 7040K, reserved 1056768K
  class space    used 555K, capacity 616K, committed 640K, reserved 1048576K
}
Event: 1.574 GC heap before
{Heap before GC invocations=3 (full 0):
 PSYoungGen      total 68608K, used 68605K [0x000000076ab00000, 0x000000076f300000, 0x00000007c0000000)
  eden space 63488K, 100% used [0x000000076ab00000,0x000000076e900000,0x000000076e900000)
  from space 5120K, 99% used [0x000000076ee00000,0x000000076f2ff4c0,0x000000076f300000)
  to   space 5120K, 0% used [0x000000076e900000,0x000000076e900000,0x000000076ee00000)
 ParOldGen       total 84992K, used 9958K [0x00000006c0000000, 0x00000006c5300000, 0x000000076ab00000)
  object space 84992K, 11% used [0x00000006c0000000,0x00000006c09b9940,0x00000006c5300000)
 Metaspace       used 5781K, capacity 6960K, committed 7040K, reserved 1056768K
  class space    used 555K, capacity 616K, committed 640K, reserved 1048576K
Event: 1.605 GC heap after
Heap after GC invocations=3 (full 0):
 PSYoungGen      total 68608K, used 5117K [0x000000076ab00000, 0x0000000773100000, 0x00000007c0000000)
  eden space 63488K, 0% used [0x000000076ab00000,0x000000076ab00000,0x000000076e900000)
  from space 5120K, 99% used [0x000000076e900000,0x000000076edff440,0x000000076ee00000)
  to   space 5120K, 0% used [0x0000000772c00000,0x0000000772c00000,0x0000000773100000)
 ParOldGen       total 84992K, used 19434K [0x00000006c0000000, 0x00000006c5300000, 0x000000076ab00000)
  object space 84992K, 22% used [0x00000006c0000000,0x00000006c12fa948,0x00000006c5300000)
 Metaspace       used 5781K, capacity 6960K, committed 7040K, reserved 1056768K
  class space    used 555K, capacity 616K, committed 640K, reserved 1048576K
}
Event: 1.928 GC heap before
{Heap before GC invocations=4 (full 0):
 PSYoungGen      total 68608K, used 68605K [0x000000076ab00000, 0x0000000773100000, 0x00000007c0000000)
  eden space 63488K, 100% used [0x000000076ab00000,0x000000076e900000,0x000000076e900000)
  from space 5120K, 99% used [0x000000076e900000,0x000000076edff440,0x000000076ee00000)
  to   space 5120K, 0% used [0x0000000772c00000,0x0000000772c00000,0x0000000773100000)
 ParOldGen       total 84992K, used 19434K [0x00000006c0000000, 0x00000006c5300000, 0x000000076ab00000)
  object space 84992K, 22% used [0x00000006c0000000,0x00000006c12fa948,0x00000006c5300000)
 Metaspace       used 5852K, capacity 7024K, committed 7296K, reserved 1056768K
  class space    used 555K, capacity 616K, committed 640K, reserved 1048576K
Event: 1.960 GC heap after
Heap after GC invocations=4 (full 0):
 PSYoungGen      total 132096K, used 5113K [0x000000076ab00000, 0x0000000773100000, 0x00000007c0000000)
  eden space 126976K, 0% used [0x000000076ab00000,0x000000076ab00000,0x0000000772700000)
  from space 5120K, 99% used [0x0000000772c00000,0x00000007730fe778,0x0000000773100000)
  to   space 5120K, 0% used [0x0000000772700000,0x0000000772700000,0x0000000772c00000)
 ParOldGen       total 84992K, used 31190K [0x00000006c0000000, 0x00000006c5300000, 0x000000076ab00000)
  object space 84992K, 36% used [0x00000006c0000000,0x00000006c1e75b20,0x00000006c5300000)
 Metaspace       used 5852K, capacity 7024K, committed 7296K, reserved 1056768K
  class space    used 555K, capacity 616K, committed 640K, reserved 1048576K
}

Deoptimization events (10 events):
Event: 1.154 Thread 0x00007efedc00a800 Uncommon trap: reason=bimorphic action=maybe_recompile pc=0x00007efecd29de04 method=java.util.HashMap.getNode(ILjava/lang/Object;)Ljava/util/HashMap$Node; @ 126
Event: 1.154 Thread 0x00007efedc00a800 Uncommon trap: reason=bimorphic action=maybe_recompile pc=0x00007efecd29de04 method=java.util.HashMap.getNode(ILjava/lang/Object;)Ljava/util/HashMap$Node; @ 126
Event: 1.156 Thread 0x00007efedc00a800 Uncommon trap: reason=bimorphic action=maybe_recompile pc=0x00007efecd21424c method=java.util.HashMap.getNode(ILjava/lang/Object;)Ljava/util/HashMap$Node; @ 126
Event: 1.464 Thread 0x00007efedc00a800 Uncommon trap: reason=unloaded action=reinterpret pc=0x00007efecd2f6e6c method=com.android.dx.cf.cst.ConstantPoolParser.parse0(ILjava/util/BitSet;)Lcom/android/dx/rop/cst/Constant; @ 176
Event: 1.469 Thread 0x00007efedc11d000 Uncommon trap: reason=uninitialized action=reinterpret pc=0x00007efecd43eedc method=com.android.dx.cf.code.BytecodeArray.parseInstruction(ILcom/android/dx/cf/code/BytecodeArray$Visitor;)I @ 1079
Event: 1.482 Thread 0x00007efedc120800 Uncommon trap: reason=unstable_if action=reinterpret pc=0x00007efecd37e8fc method=com.android.dx.cf.code.LocalVariableList$Item.matchesPcAndIndex(II)Z @ 13
Event: 1.484 Thread 0x00007efedc120800 Uncommon trap: reason=bimorphic action=maybe_recompile pc=0x00007efecd504ee0 method=com.android.dx.ssa.SCCP.setLatticeValueTo(IILcom/android/dx/rop/cst/Constant;)Z @ 43
Event: 1.486 Thread 0x00007efedc120800 Uncommon trap: reason=bimorphic action=maybe_recompile pc=0x00007efecd504ee0 method=com.android.dx.ssa.SCCP.setLatticeValueTo(IILcom/android/dx/rop/cst/Constant;)Z @ 43
Event: 1.616 Thread 0x00007efedc11d000 Uncommon trap: reason=bimorphic action=maybe_recompile pc=0x00007efecd504ee0 method=com.android.dx.ssa.SCCP.setLatticeValueTo(IILcom/android/dx/rop/cst/Constant;)Z @ 43
Event: 1.622 Thread 0x00007efedc11d000 Uncommon trap: reason=bimorphic action=maybe_recompile pc=0x00007efecd504ee0 method=com.android.dx.ssa.SCCP.setLatticeValueTo(IILcom/android/dx/rop/cst/Constant;)Z @ 43

Internal exceptions (2 events):
Event: 0.017 Thread 0x00007efedc00a800 Exception <a 'java/lang/NoSuchMethodError': Method sun.misc.Unsafe.defineClass(Ljava/lang/String;[BII)Ljava/lang/Class; name or signature does not match> (0x000000076ab07c78) thrown at [/ssd/Android/AOSP-openjdk/external/jetbrains/jdk/hotspot/src/share/vm
Event: 0.017 Thread 0x00007efedc00a800 Exception <a 'java/lang/NoSuchMethodError': Method sun.misc.Unsafe.prefetchRead(Ljava/lang/Object;J)V name or signature does not match> (0x000000076ab07f60) thrown at [/ssd/Android/AOSP-openjdk/external/jetbrains/jdk/hotspot/src/share/vm/prims/jni.cpp, li

Events (10 events):
Event: 2.113 Thread 0x00007efedc11d000 DEOPT PACKING pc=0x00007efecd56f246 sp=0x00007efec1e68a60
Event: 2.113 Thread 0x00007efedc11d000 DEOPT UNPACKING pc=0x00007efecd046f73 sp=0x00007efec1e687b0 mode 0
Event: 2.151 Thread 0x00007efedc119800 DEOPT PACKING pc=0x00007efecd428e9c sp=0x00007efec206b040
Event: 2.151 Thread 0x00007efedc119800 DEOPT UNPACKING pc=0x00007efecd046f73 sp=0x00007efec206ae00 mode 0
Event: 2.165 Thread 0x00007efedc119800 DEOPT PACKING pc=0x00007efecd428e9c sp=0x00007efec206b040
Event: 2.165 Thread 0x00007efedc119800 DEOPT UNPACKING pc=0x00007efecd046f73 sp=0x00007efec206ae00 mode 0
Event: 2.173 Thread 0x00007efedc119800 DEOPT PACKING pc=0x00007efecd428e9c sp=0x00007efec206b040
Event: 2.173 Thread 0x00007efedc119800 DEOPT UNPACKING pc=0x00007efecd046f73 sp=0x00007efec206ae00 mode 0
Event: 2.175 Thread 0x00007efedc119800 DEOPT PACKING pc=0x00007efecd2f02f7 sp=0x00007efec206b160
Event: 2.175 Thread 0x00007efedc119800 DEOPT UNPACKING pc=0x00007efecd046f73 sp=0x00007efec206af20 mode 0


Dynamic libraries:
00400000-00401000 r-xp 00000000 08:01 13631623                           /home/anulom/.local/share/umake/android/android-studio/jre/bin/java
00600000-00601000 r--p 00000000 08:01 13631623                           /home/anulom/.local/share/umake/android/android-studio/jre/bin/java
00601000-00602000 rw-p 00001000 08:01 13631623                           /home/anulom/.local/share/umake/android/android-studio/jre/bin/java
01679000-0169a000 rw-p 00000000 00:00 0                                  [heap]
6c0000000-6c5300000 rw-p 00000000 00:00 0 
6c5300000-76ab00000 ---p 00000000 00:00 0 
76ab00000-773100000 rw-p 00000000 00:00 0 
773100000-7c0000000 ---p 00000000 00:00 0 
7c0000000-7c00a0000 rw-p 00000000 00:00 0 
7c00a0000-800000000 ---p 00000000 00:00 0 
7efe84000000-7efe84021000 rw-p 00000000 00:00 0 
7efe84021000-7efe88000000 ---p 00000000 00:00 0 
7efe8c000000-7efe8c021000 rw-p 00000000 00:00 0 
7efe8c021000-7efe90000000 ---p 00000000 00:00 0 
7efe90000000-7efe90059000 rw-p 00000000 00:00 0 
7efe90059000-7efe94000000 ---p 00000000 00:00 0 
7efe94000000-7efe94021000 rw-p 00000000 00:00 0 
7efe94021000-7efe98000000 ---p 00000000 00:00 0 
7efe98000000-7efe9805a000 rw-p 00000000 00:00 0 
7efe9805a000-7efe9c000000 ---p 00000000 00:00 0 
7efe9c000000-7efe9c9d2000 rw-p 00000000 00:00 0 
7efe9c9d2000-7efea0000000 ---p 00000000 00:00 0 
7efea0000000-7efea0021000 rw-p 00000000 00:00 0 
7efea0021000-7efea4000000 ---p 00000000 00:00 0 
7efea4000000-7efea4021000 rw-p 00000000 00:00 0 
7efea4021000-7efea8000000 ---p 00000000 00:00 0 
7efea8000000-7efea8bb8000 rw-p 00000000 00:00 0 
7efea8bb8000-7efeac000000 ---p 00000000 00:00 0 
7efeac000000-7efeac021000 rw-p 00000000 00:00 0 
7efeac021000-7efeb0000000 ---p 00000000 00:00 0 
7efeb0000000-7efeb0021000 rw-p 00000000 00:00 0 
7efeb0021000-7efeb4000000 ---p 00000000 00:00 0 
7efeb4000000-7efeb4021000 rw-p 00000000 00:00 0 
7efeb4021000-7efeb8000000 ---p 00000000 00:00 0 
7efeb8000000-7efeb8021000 rw-p 00000000 00:00 0 
7efeb8021000-7efebc000000 ---p 00000000 00:00 0 
7efebc000000-7efebc021000 rw-p 00000000 00:00 0 
7efebc021000-7efec0000000 ---p 00000000 00:00 0 
7efec1b68000-7efec1b6b000 ---p 00000000 00:00 0 
7efec1b6b000-7efec1c69000 rw-p 00000000 00:00 0 
7efec1c69000-7efec1c6c000 ---p 00000000 00:00 0 
7efec1c6c000-7efec1d6a000 rw-p 00000000 00:00 0 
7efec1d6a000-7efec1d6d000 ---p 00000000 00:00 0 
7efec1d6d000-7efec1e6b000 rw-p 00000000 00:00 0 
7efec1e6b000-7efec1e6e000 ---p 00000000 00:00 0 
7efec1e6e000-7efec1f6c000 rw-p 00000000 00:00 0 
7efec1f6c000-7efec1f6f000 ---p 00000000 00:00 0 
7efec1f6f000-7efec206d000 rw-p 00000000 00:00 0 
7efec206d000-7efec206e000 ---p 00000000 00:00 0 
7efec206e000-7efec216e000 rw-p 00000000 00:00 0 
7efec216e000-7efec2171000 ---p 00000000 00:00 0 
7efec2171000-7efec226f000 rw-p 00000000 00:00 0 
7efec226f000-7efec2272000 ---p 00000000 00:00 0 
7efec2272000-7efec2370000 rw-p 00000000 00:00 0 
7efec2370000-7efec2373000 ---p 00000000 00:00 0 
7efec2373000-7efec2471000 rw-p 00000000 00:00 0 
7efec2471000-7efec2474000 ---p 00000000 00:00 0 
7efec2474000-7efec2572000 rw-p 00000000 00:00 0 
7efec2572000-7efec284a000 r--p 00000000 08:01 15217397                   /usr/lib/locale/locale-archive
7efec284a000-7efec284d000 ---p 00000000 00:00 0 
7efec284d000-7efec294b000 rw-p 00000000 00:00 0 
7efec294b000-7efec294e000 ---p 00000000 00:00 0 
7efec294e000-7efec2a4c000 rw-p 00000000 00:00 0 
7efec2a4c000-7efec2a4d000 ---p 00000000 00:00 0 
7efec2a4d000-7efec34b9000 rw-p 00000000 00:00 0 
7efec34b9000-7efec3688000 r--s 03c1b000 08:01 13631680                   /home/anulom/.local/share/umake/android/android-studio/jre/jre/lib/rt.jar
7efec3688000-7efec3d7e000 rw-p 00000000 00:00 0 
7efec3d7e000-7efec3efe000 ---p 00000000 00:00 0 
7efec3efe000-7efecc6fe000 rw-p 00000000 00:00 0 
7efecc6fe000-7efecc6ff000 ---p 00000000 00:00 0 
7efecc6ff000-7efecc829000 rw-p 00000000 00:00 0 
7efecc829000-7efeccd54000 ---p 00000000 00:00 0 
7efeccd54000-7efeccd98000 rw-p 00000000 00:00 0 
7efeccd98000-7efeccfff000 ---p 00000000 00:00 0 
7efeccfff000-7efecd000000 rw-p 00000000 00:00 0 
7efecd000000-7efecd6b0000 rwxp 00000000 00:00 0 
7efecd6b0000-7efedc000000 ---p 00000000 00:00 0 
7efedc000000-7efedc379000 rw-p 00000000 00:00 0 
7efedc379000-7efee0000000 ---p 00000000 00:00 0 
7efee001e000-7efee006c000 rw-p 00000000 00:00 0 
7efee006c000-7efee006d000 ---p 00000000 00:00 0 
7efee006d000-7efee0197000 rw-p 00000000 00:00 0 
7efee0197000-7efee06c3000 ---p 00000000 00:00 0 
7efee06c3000-7efee06de000 rw-p 00000000 00:00 0 
7efee06de000-7efee0a83000 ---p 00000000 00:00 0 
7efee0a83000-7efee0a9d000 r-xp 00000000 08:01 13631707                   /home/anulom/.local/share/umake/android/android-studio/jre/jre/lib/amd64/libzip.so
7efee0a9d000-7efee0c9d000 ---p 0001a000 08:01 13631707                   /home/anulom/.local/share/umake/android/android-studio/jre/jre/lib/amd64/libzip.so
7efee0c9d000-7efee0c9e000 r--p 0001a000 08:01 13631707                   /home/anulom/.local/share/umake/android/android-studio/jre/jre/lib/amd64/libzip.so
7efee0c9e000-7efee0c9f000 rw-p 0001b000 08:01 13631707                   /home/anulom/.local/share/umake/android/android-studio/jre/jre/lib/amd64/libzip.so
7efee0c9f000-7efee0caa000 r-xp 00000000 08:01 21889429                   /lib/x86_64-linux-gnu/libnss_files-2.23.so
7efee0caa000-7efee0ea9000 ---p 0000b000 08:01 21889429                   /lib/x86_64-linux-gnu/libnss_files-2.23.so
7efee0ea9000-7efee0eaa000 r--p 0000a000 08:01 21889429                   /lib/x86_64-linux-gnu/libnss_files-2.23.so
7efee0eaa000-7efee0eab000 rw-p 0000b000 08:01 21889429                   /lib/x86_64-linux-gnu/libnss_files-2.23.so
7efee0eab000-7efee0eb1000 rw-p 00000000 00:00 0 
7efee0eb1000-7efee0ebc000 r-xp 00000000 08:01 21889435                   /lib/x86_64-linux-gnu/libnss_nis-2.23.so
7efee0ebc000-7efee10bb000 ---p 0000b000 08:01 21889435                   /lib/x86_64-linux-gnu/libnss_nis-2.23.so
7efee10bb000-7efee10bc000 r--p 0000a000 08:01 21889435                   /lib/x86_64-linux-gnu/libnss_nis-2.23.so
7efee10bc000-7efee10bd000 rw-p 0000b000 08:01 21889435                   /lib/x86_64-linux-gnu/libnss_nis-2.23.so
7efee10bd000-7efee10d3000 r-xp 00000000 08:01 21889422                   /lib/x86_64-linux-gnu/libnsl-2.23.so
7efee10d3000-7efee12d2000 ---p 00016000 08:01 21889422                   /lib/x86_64-linux-gnu/libnsl-2.23.so
7efee12d2000-7efee12d3000 r--p 00015000 08:01 21889422                   /lib/x86_64-linux-gnu/libnsl-2.23.so
7efee12d3000-7efee12d4000 rw-p 00016000 08:01 21889422                   /lib/x86_64-linux-gnu/libnsl-2.23.so
7efee12d4000-7efee12d6000 rw-p 00000000 00:00 0 
7efee12d6000-7efee12de000 r-xp 00000000 08:01 21889451                   /lib/x86_64-linux-gnu/libnss_compat-2.23.so
7efee12de000-7efee14dd000 ---p 00008000 08:01 21889451                   /lib/x86_64-linux-gnu/libnss_compat-2.23.so
7efee14dd000-7efee14de000 r--p 00007000 08:01 21889451                   /lib/x86_64-linux-gnu/libnss_compat-2.23.so
7efee14de000-7efee14df000 rw-p 00008000 08:01 21889451                   /lib/x86_64-linux-gnu/libnss_compat-2.23.so
7efee14df000-7efee150c000 r-xp 00000000 08:01 13631717                   /home/anulom/.local/share/umake/android/android-studio/jre/jre/lib/amd64/libjava.so
7efee150c000-7efee170b000 ---p 0002d000 08:01 13631717                   /home/anulom/.local/share/umake/android/android-studio/jre/jre/lib/amd64/libjava.so
7efee170b000-7efee170c000 r--p 0002c000 08:01 13631717                   /home/anulom/.local/share/umake/android/android-studio/jre/jre/lib/amd64/libjava.so
7efee170c000-7efee170e000 rw-p 0002d000 08:01 13631717                   /home/anulom/.local/share/umake/android/android-studio/jre/jre/lib/amd64/libjava.so
7efee170e000-7efee171e000 r-xp 00000000 08:01 13631733                   /home/anulom/.local/share/umake/android/android-studio/jre/jre/lib/amd64/libverify.so
7efee171e000-7efee191d000 ---p 00010000 08:01 13631733                   /home/anulom/.local/share/umake/android/android-studio/jre/jre/lib/amd64/libverify.so
7efee191d000-7efee191f000 r--p 0000f000 08:01 13631733                   /home/anulom/.local/share/umake/android/android-studio/jre/jre/lib/amd64/libverify.so
7efee191f000-7efee1920000 rw-p 00011000 08:01 13631733                   /home/anulom/.local/share/umake/android/android-studio/jre/jre/lib/amd64/libverify.so
7efee1920000-7efee1927000 r-xp 00000000 08:01 21889441                   /lib/x86_64-linux-gnu/librt-2.23.so
7efee1927000-7efee1b26000 ---p 00007000 08:01 21889441                   /lib/x86_64-linux-gnu/librt-2.23.so
7efee1b26000-7efee1b27000 r--p 00006000 08:01 21889441                   /lib/x86_64-linux-gnu/librt-2.23.so
7efee1b27000-7efee1b28000 rw-p 00007000 08:01 21889441                   /lib/x86_64-linux-gnu/librt-2.23.so
7efee1b28000-7efee1c30000 r-xp 00000000 08:01 21889461                   /lib/x86_64-linux-gnu/libm-2.23.so
7efee1c30000-7efee1e2f000 ---p 00108000 08:01 21889461                   /lib/x86_64-linux-gnu/libm-2.23.so
7efee1e2f000-7efee1e30000 r--p 00107000 08:01 21889461                   /lib/x86_64-linux-gnu/libm-2.23.so
7efee1e30000-7efee1e31000 rw-p 00108000 08:01 21889461                   /lib/x86_64-linux-gnu/libm-2.23.so
7efee1e31000-7efee2a22000 r-xp 00000000 08:01 13631737                   /home/anulom/.local/share/umake/android/android-studio/jre/jre/lib/amd64/server/libjvm.so
7efee2a22000-7efee2c22000 ---p 00bf1000 08:01 13631737                   /home/anulom/.local/share/umake/android/android-studio/jre/jre/lib/amd64/server/libjvm.so
7efee2c22000-7efee2cc1000 r--p 00bf1000 08:01 13631737                   /home/anulom/.local/share/umake/android/android-studio/jre/jre/lib/amd64/server/libjvm.so
7efee2cc1000-7efee2cea000 rw-p 00c90000 08:01 13631737                   /home/anulom/.local/share/umake/android/android-studio/jre/jre/lib/amd64/server/libjvm.so
7efee2cea000-7efee2d2e000 rw-p 00000000 00:00 0 
7efee2d2e000-7efee2d46000 r-xp 00000000 08:01 21889433                   /lib/x86_64-linux-gnu/libpthread-2.23.so
7efee2d46000-7efee2f45000 ---p 00018000 08:01 21889433                   /lib/x86_64-linux-gnu/libpthread-2.23.so
7efee2f45000-7efee2f46000 r--p 00017000 08:01 21889433                   /lib/x86_64-linux-gnu/libpthread-2.23.so
7efee2f46000-7efee2f47000 rw-p 00018000 08:01 21889433                   /lib/x86_64-linux-gnu/libpthread-2.23.so
7efee2f47000-7efee2f4b000 rw-p 00000000 00:00 0 
7efee2f4b000-7efee2f4e000 r-xp 00000000 08:01 21889449                   /lib/x86_64-linux-gnu/libdl-2.23.so
7efee2f4e000-7efee314d000 ---p 00003000 08:01 21889449                   /lib/x86_64-linux-gnu/libdl-2.23.so
7efee314d000-7efee314e000 r--p 00002000 08:01 21889449                   /lib/x86_64-linux-gnu/libdl-2.23.so
7efee314e000-7efee314f000 rw-p 00003000 08:01 21889449                   /lib/x86_64-linux-gnu/libdl-2.23.so
7efee314f000-7efee330f000 r-xp 00000000 08:01 21889472                   /lib/x86_64-linux-gnu/libc-2.23.so
7efee330f000-7efee350f000 ---p 001c0000 08:01 21889472                   /lib/x86_64-linux-gnu/libc-2.23.so
7efee350f000-7efee3513000 r--p 001c0000 08:01 21889472                   /lib/x86_64-linux-gnu/libc-2.23.so
7efee3513000-7efee3515000 rw-p 001c4000 08:01 21889472                   /lib/x86_64-linux-gnu/libc-2.23.so
7efee3515000-7efee3519000 rw-p 00000000 00:00 0 
7efee3519000-7efee352f000 r-xp 00000000 08:01 13631597                   /home/anulom/.local/share/umake/android/android-studio/jre/lib/amd64/jli/libjli.so
7efee352f000-7efee372e000 ---p 00016000 08:01 13631597                   /home/anulom/.local/share/umake/android/android-studio/jre/lib/amd64/jli/libjli.so
7efee372e000-7efee372f000 r--p 00015000 08:01 13631597                   /home/anulom/.local/share/umake/android/android-studio/jre/lib/amd64/jli/libjli.so
7efee372f000-7efee3730000 rw-p 00016000 08:01 13631597                   /home/anulom/.local/share/umake/android/android-studio/jre/lib/amd64/jli/libjli.so
7efee3730000-7efee3756000 r-xp 00000000 08:01 21889423                   /lib/x86_64-linux-gnu/ld-2.23.so
7efee3763000-7efee3836000 rw-p 00000000 00:00 0 
7efee3836000-7efee3839000 ---p 00000000 00:00 0 
7efee3839000-7efee393b000 rw-p 00000000 00:00 0 
7efee393b000-7efee3949000 r--s 000e0000 08:01 17563674                   /home/anulom/Android/Sdk/build-tools/25.0.0/lib/dx.jar
7efee3949000-7efee3951000 rw-s 00000000 08:01 14943286                   /tmp/hsperfdata_anulom/12657
7efee3951000-7efee3952000 rw-p 00000000 00:00 0 
7efee3952000-7efee3953000 r--p 00000000 00:00 0 
7efee3953000-7efee3955000 rw-p 00000000 00:00 0 
7efee3955000-7efee3956000 r--p 00025000 08:01 21889423                   /lib/x86_64-linux-gnu/ld-2.23.so
7efee3956000-7efee3957000 rw-p 00026000 08:01 21889423                   /lib/x86_64-linux-gnu/ld-2.23.so
7efee3957000-7efee3958000 rw-p 00000000 00:00 0 
7ffcab52c000-7ffcab54d000 rw-p 00000000 00:00 0                          [stack]
7ffcab5c2000-7ffcab5c4000 r--p 00000000 00:00 0                          [vvar]
7ffcab5c4000-7ffcab5c6000 r-xp 00000000 00:00 0                          [vdso]
ffffffffff600000-ffffffffff601000 r-xp 00000000 00:00 0                  [vsyscall]

VM Arguments:
jvm_args: -Djava.awt.headless=true -Xmx4g -Dfile.encoding=UTF-8 -Duser.country=IN -Duser.language=en -Duser.variant 
java_command: com.android.dx.command.Main --dex --num-threads=4 --multi-dex --output /home/anulom/Desktop/Anulom (3)/app/build/intermediates/transforms/dex/release/folders/1000/1/release_801ab054dd48e96b7ab0cccea16b1e643f57fda8 /home/anulom/Desktop/Anulom (3)/app/build/intermediates/classes/release
java_class_path (initial): /home/anulom/Android/Sdk/build-tools/25.0.0/lib/dx.jar
Launcher Type: SUN_STANDARD

Environment Variables:
PATH=/home/anulom/.local/share/umake/bin:/usr/local/sbin:/usr/local/bin:/usr/sbin:/usr/bin:/sbin:/bin:/usr/games:/usr/local/games:/snap/bin
LD_LIBRARY_PATH=/home/anulom/.local/share/umake/android/android-studio/bin:
SHELL=/bin/bash
DISPLAY=:0

Signal Handlers:
SIGSEGV: [libjvm.so+0x9e5150], sa_mask[0]=11111111011111111101111111111110, sa_flags=SA_RESTART|SA_SIGINFO
SIGBUS: [libjvm.so+0x9e5150], sa_mask[0]=11111111011111111101111111111110, sa_flags=SA_RESTART|SA_SIGINFO
SIGFPE: [libjvm.so+0x848450], sa_mask[0]=11111111011111111101111111111110, sa_flags=SA_RESTART|SA_SIGINFO
SIGPIPE: [libjvm.so+0x848450], sa_mask[0]=11111111011111111101111111111110, sa_flags=SA_RESTART|SA_SIGINFO
SIGXFSZ: [libjvm.so+0x848450], sa_mask[0]=11111111011111111101111111111110, sa_flags=SA_RESTART|SA_SIGINFO
SIGILL: [libjvm.so+0x848450], sa_mask[0]=11111111011111111101111111111110, sa_flags=SA_RESTART|SA_SIGINFO
SIGUSR1: SIG_DFL, sa_mask[0]=00000000000000000000000000000000, sa_flags=none
SIGUSR2: [libjvm.so+0x848320], sa_mask[0]=00100000000000000000000000000000, sa_flags=SA_RESTART|SA_SIGINFO
SIGHUP: [libjvm.so+0x848510], sa_mask[0]=11111111011111111101111111111110, sa_flags=SA_RESTART|SA_SIGINFO
SIGINT: [libjvm.so+0x848510], sa_mask[0]=11111111011111111101111111111110, sa_flags=SA_RESTART|SA_SIGINFO
SIGTERM: [libjvm.so+0x848510], sa_mask[0]=11111111011111111101111111111110, sa_flags=SA_RESTART|SA_SIGINFO
SIGQUIT: [libjvm.so+0x848510], sa_mask[0]=11111111011111111101111111111110, sa_flags=SA_RESTART|SA_SIGINFO


---------------  S Y S T E M  ---------------

OS:DISTRIB_ID=Ubuntu
DISTRIB_RELEASE=16.04
DISTRIB_CODENAME=xenial
DISTRIB_DESCRIPTION="Ubuntu 16.04.2 LTS"

uname:Linux 4.4.0-92-generic #115-Ubuntu SMP Thu Aug 10 09:04:33 UTC 2017 x86_64
libc:glibc 2.23 NPTL 2.23 
rlimit: STACK 8192k, CORE 0k, NPROC 31262, NOFILE 1048576, AS infinity
load average:1.25 0.87 0.74

/proc/meminfo:
MemTotal:        8043676 kB
MemFree:          252816 kB
MemAvailable:    2169440 kB
Buffers:          113464 kB
Cached:          2546328 kB
SwapCached:         1088 kB
Active:          5367884 kB
Inactive:        2147336 kB
Active(anon):    4221704 kB
Inactive(anon):  1227492 kB
Active(file):    1146180 kB
Inactive(file):   919844 kB
Unevictable:          52 kB
Mlocked:              52 kB
SwapTotal:       4060156 kB
SwapFree:        4023376 kB
Dirty:              6868 kB
Writeback:             0 kB
AnonPages:       4855180 kB
Mapped:           632116 kB
Shmem:            593720 kB
Slab:             175316 kB
SReclaimable:     140060 kB
SUnreclaim:        35256 kB
KernelStack:        9968 kB
PageTables:        42296 kB
NFS_Unstable:          0 kB
Bounce:                0 kB
WritebackTmp:          0 kB
CommitLimit:     8081992 kB
Committed_AS:    9319420 kB
VmallocTotal:   34359738367 kB
VmallocUsed:           0 kB
VmallocChunk:          0 kB
HardwareCorrupted:     0 kB
AnonHugePages:   3049472 kB
CmaTotal:              0 kB
CmaFree:               0 kB
HugePages_Total:       0
HugePages_Free:        0
HugePages_Rsvd:        0
HugePages_Surp:        0
Hugepagesize:       2048 kB
DirectMap4k:      144828 kB
DirectMap2M:     7063552 kB
DirectMap1G:     2097152 kB


CPU:total 2 (2 cores per cpu, 1 threads per core) family 6 model 60 stepping 3, cmov, cx8, fxsr, mmx, sse, sse2, sse3, ssse3, sse4.1, sse4.2, popcnt, clmul, erms, lzcnt, tsc, tscinvbit

/proc/cpuinfo:
processor	: 0
vendor_id	: GenuineIntel
cpu family	: 6
model		: 60
model name	: Intel(R) Pentium(R) CPU G3240 @ 3.10GHz
stepping	: 3
microcode	: 0x1e
cpu MHz		: 3100.000
cache size	: 3072 KB
physical id	: 0
siblings	: 2
core id		: 0
cpu cores	: 2
apicid		: 0
initial apicid	: 0
fpu		: yes
fpu_exception	: yes
cpuid level	: 13
wp		: yes
flags		: fpu vme de pse tsc msr pae mce cx8 apic sep mtrr pge mca cmov pat pse36 clflush dts acpi mmx fxsr sse sse2 ss ht tm pbe syscall nx pdpe1gb rdtscp lm constant_tsc arch_perfmon pebs bts rep_good nopl xtopology nonstop_tsc aperfmperf eagerfpu pni pclmulqdq dtes64 monitor ds_cpl vmx est tm2 ssse3 sdbg cx16 xtpr pdcm pcid sse4_1 sse4_2 movbe popcnt tsc_deadline_timer xsave rdrand lahf_lm abm epb tpr_shadow vnmi flexpriority ept vpid fsgsbase tsc_adjust erms invpcid xsaveopt dtherm arat pln pts
bugs		:
bogomips	: 6185.63
clflush size	: 64
cache_alignment	: 64
address sizes	: 39 bits physical, 48 bits virtual
power management:

processor	: 1
vendor_id	: GenuineIntel
cpu family	: 6
model		: 60
model name	: Intel(R) Pentium(R) CPU G3240 @ 3.10GHz
stepping	: 3
microcode	: 0x1e
cpu MHz		: 3099.878
cache size	: 3072 KB
physical id	: 0
siblings	: 2
core id		: 1
cpu cores	: 2
apicid		: 2
initial apicid	: 2
fpu		: yes
fpu_exception	: yes
cpuid level	: 13
wp		: yes
flags		: fpu vme de pse tsc msr pae mce cx8 apic sep mtrr pge mca cmov pat pse36 clflush dts acpi mmx fxsr sse sse2 ss ht tm pbe syscall nx pdpe1gb rdtscp lm constant_tsc arch_perfmon pebs bts rep_good nopl xtopology nonstop_tsc aperfmperf eagerfpu pni pclmulqdq dtes64 monitor ds_cpl vmx est tm2 ssse3 sdbg cx16 xtpr pdcm pcid sse4_1 sse4_2 movbe popcnt tsc_deadline_timer xsave rdrand lahf_lm abm epb tpr_shadow vnmi flexpriority ept vpid fsgsbase tsc_adjust erms invpcid xsaveopt dtherm arat pln pts
bugs		:
bogomips	: 6185.63
clflush size	: 64
cache_alignment	: 64
address sizes	: 39 bits physical, 48 bits virtual
power management:



Memory: 4k page, physical 8043676k(252816k free), swap 4060156k(4023376k free)

vm_info: OpenJDK 64-Bit Server VM (25.112-b06) for linux-amd64 JRE (1.8.0_112-release-b06), built on Dec  6 2016 12:11:18 by "builder" with gcc 4.8.4

time: Sat Aug 19 16:00:53 2017
elapsed time: 2 seconds (0d 0h 0m 2s)

